[17:15:26] [ServerMain/INFO]: [bootstrap] Running Java 21 (OpenJDK 64-Bit Server VM 21.0.6+7-Ubuntu-120.04.1; Ubuntu null) on Linux 6.8.0-1021-azure (amd64)
[17:15:26] [ServerMain/INFO]: [bootstrap] Loading Paper 1.21-130-master@b1b5d4c (2024-08-10T10:02:42Z) for Minecraft 1.21
[17:15:26] [ServerMain/INFO]: [PluginInitializerManager] Initializing plugins...
[17:15:26] [ServerMain/INFO]: [PluginInitializerManager] Initialized 4 plugins
[17:15:26] [ServerMain/INFO]: [PluginInitializerManager] Bukkit plugins (4):
 - Geyser-Spigot (2.6.1-SNAPSHOT), ViaVersion (5.2.1), floodgate (2.2.4-SNAPSHOT (b116-0e3163c)), voicechat (2.5.28)
[17:15:30] [ServerMain/INFO]: Environment: Environment[sessionHost=https://sessionserver.mojang.com, servicesHost=https://api.minecraftservices.com, name=PROD]
[17:15:32] [ServerMain/INFO]: Loaded 1290 recipes
[17:15:32] [ServerMain/INFO]: Loaded 1399 advancements
[17:15:32] [Server thread/INFO]: Starting minecraft server version 1.21
[17:15:32] [Server thread/INFO]: Loading properties
[17:15:32] [Server thread/INFO]: This server is running Paper version 1.21-130-master@b1b5d4c (2024-08-10T10:02:42Z) (Implementing API version 1.21-R0.1-SNAPSHOT)
[17:15:33] [Server thread/INFO]: [spark] This server bundles the spark profiler. For more information please visit https://docs.papermc.io/paper/profiling
[17:15:33] [Server thread/INFO]: Server Ping Player Sample Count: 12
[17:15:33] [Server thread/INFO]: Using 4 threads for Netty based IO
[17:15:33] [Server thread/INFO]: [ChunkTaskScheduler] Chunk system is using 1 I/O threads, 1 worker threads, and population gen parallelism of 1 threads
[17:15:34] [Server thread/INFO]: Default game type: SURVIVAL
[17:15:34] [Server thread/INFO]: Generating keypair
[17:15:34] [Server thread/INFO]: Starting Minecraft server on *:25565
[17:15:34] [Server thread/INFO]: Using epoll channel type
[17:15:34] [Server thread/INFO]: Paper: Using libdeflate (Linux x86_64) compression from Velocity.
[17:15:34] [Server thread/INFO]: Paper: Using OpenSSL 1.1.x (Linux x86_64) cipher from Velocity.
[17:15:35] [Server thread/INFO]: [floodgate] Loading server plugin floodgate v2.2.4-SNAPSHOT (b116-0e3163c)
[17:15:37] [Server thread/WARN]: [floodgate] en_ is not a supported Floodgate language.
[17:15:38] [Server thread/INFO]: [floodgate] Took 2,834ms to boot Floodgate
[17:15:38] [Server thread/INFO]: [ViaVersion] Loading server plugin ViaVersion v5.2.1
[17:15:38] [Server thread/INFO]: [ViaVersion] ViaVersion 5.2.1 is now loaded. Registering protocol transformers and injecting...
[17:15:39] [Via-Mappingloader-0/INFO]: [ViaVersion] Loading block connection mappings ...
[17:15:39] [Via-Mappingloader-0/INFO]: [ViaVersion] Using FastUtil Long2ObjectOpenHashMap for block connections
[17:15:40] [Server thread/INFO]: [Geyser-Spigot] Loading server plugin Geyser-Spigot v2.6.1-SNAPSHOT
[17:15:41] [Server thread/INFO]: [Geyser-Spigot] Loading extensions...
[17:15:41] [Server thread/INFO]: [Geyser-Spigot] Loaded 0 extension(s)
[17:15:41] [Server thread/INFO]: [voicechat] Loading server plugin voicechat v2.5.28
[17:15:41] [Server thread/INFO]: Server permissions file permissions.yml is empty, ignoring it
[17:15:41] [Server thread/WARN]: **** SERVER IS RUNNING IN OFFLINE/INSECURE MODE!
[17:15:41] [Server thread/WARN]: The server will make no attempt to authenticate usernames. Beware.
[17:15:41] [Server thread/WARN]: While this makes the game possible to play without internet access, it also opens up the ability for hackers to connect with any username they choose.
[17:15:41] [Server thread/WARN]: To change this, set "online-mode" to "true" in the server.properties file.
[17:15:42] [Server thread/INFO]: Preparing level "world"
[17:15:42] [Server thread/INFO]: Preparing start region for dimension minecraft:overworld
[17:15:43] [Server thread/INFO]: Time elapsed: 1210 ms
[17:15:43] [Server thread/INFO]: Preparing start region for dimension minecraft:the_nether
[17:15:43] [Server thread/INFO]: Time elapsed: 230 ms
[17:15:43] [Server thread/INFO]: Preparing start region for dimension minecraft:the_end
[17:15:44] [Server thread/INFO]: Time elapsed: 153 ms
[17:15:44] [Server thread/INFO]: [floodgate] Enabling floodgate v2.2.4-SNAPSHOT (b116-0e3163c)
[17:15:45] [Server thread/INFO]: [ViaVersion] Enabling ViaVersion v5.2.1
[17:15:45] [Server thread/INFO]: [ViaVersion] ViaVersion detected server version: 1.21-1.21.1 (767)
[17:15:45] [Server thread/INFO]: [Geyser-Spigot] Enabling Geyser-Spigot v2.6.1-SNAPSHOT
[17:15:45] [Server thread/INFO]: [voicechat] Enabling voicechat v2.5.28
[17:15:46] [Server thread/INFO]: [voicechat] Initializing compatibility for Bukkit version 1.21-R0.1
[17:15:46] [Server thread/INFO]: [voicechat] Compatibility version 18
[17:15:46] [Server thread/INFO]: [voicechat] Successfully initialized commodore command completion
[17:15:46] [Server thread/INFO]: [voicechat] Successfully added ViaVersion mappings
[17:15:46] [Server thread/INFO]: [spark] Starting background profiler...
[17:15:46] [Server thread/INFO]: [Geyser-Spigot] ******************************************
[17:15:46] [Server thread/INFO]: [Geyser-Spigot] 
[17:15:46] [Server thread/INFO]: [Geyser-Spigot] Loading Geyser version 2.6.1-b787 (git-master-512c68a)
[17:15:46] [Server thread/INFO]: [Geyser-Spigot] 
[17:15:46] [Server thread/INFO]: [Geyser-Spigot] ******************************************
[17:15:54] [epollEventLoopGroup-3-1/INFO]: [Geyser-Spigot] Started Geyser on UDP port 3072
[17:15:54] [Server thread/INFO]: [Geyser-Spigot] Done (7.826s)! Run /geyser help for help!
[17:15:54] [Server thread/INFO]: Done preparing level "world" (12.727s)
[17:15:54] [Server thread/INFO]: Running delayed init tasks
[17:15:54] [Server thread/INFO]: Done (29.522s)! For help, type "help"
[17:15:54] [Server thread/INFO]: Timings Reset
[17:15:54] [Craft Scheduler Thread - 2 - ViaVersion/INFO]: [ViaVersion] Finished mapping loading, shutting down loader executor.
[17:15:54] [Server thread/INFO]: [voicechat] Loading plugins
[17:15:54] [Server thread/INFO]: [voicechat] Loaded 0 plugin(s)
[17:15:54] [Server thread/INFO]: [voicechat] Initializing plugins
[17:15:54] [Server thread/INFO]: [voicechat] Initialized 0 plugin(s)
[17:15:54] [Server thread/WARN]: [voicechat] Running in offline mode - Voice chat encryption is not secure!
[17:15:54] [VoiceChatServerThread/INFO]: [voicechat] Voice host is 'mexico-improve.gl.at.ply.gg'
[17:15:54] [VoiceChatServerThread/INFO]: [voicechat] Voice chat server started at port 1374
[17:16:15] [epollEventLoopGroup-4-1/INFO]: [Geyser-Spigot] Player connected with username Maxilaster
[17:16:15] [localSession-7-2/INFO]: [Geyser-Spigot] Maxilaster (logged in as: Maxilaster) has connected to the Java server
[17:16:15] [Server thread/INFO]: [floodgate] Floodgate player logged in as .Maxilaster joined (UUID: 00000000-0000-0000-0009-01f17765c227)
[17:16:16] [Server thread/INFO]: .Maxilaster joined the game
[17:16:16] [Server thread/INFO]: .Maxilaster[/127.0.0.1:0] logged in with entity id 99 at ([world]-9.8496, 70.0, 28.075499)
[17:17:09] [Server thread/INFO]: .Maxilaster issued server command: /voicechat
[17:17:20] [localSession-7-2/INFO]: [Geyser-Spigot] Maxilaster has disconnected from the Java server because of Bedrock client disconnected
[17:17:20] [Geyser Spigot connection thread-6-3/INFO]: [floodgate] Floodgate player logged in as .Maxilaster disconnected
[17:17:20] [Server thread/INFO]: .Maxilaster lost connection: Disconnected
[17:17:20] [Server thread/INFO]: [voicechat] Disconnecting client .Maxilaster
[17:17:20] [Server thread/INFO]: .Maxilaster left the game
[17:17:31] [Server thread/INFO]: Stopping the server
[17:17:31] [Server thread/INFO]: Stopping server
[17:17:31] [Server thread/INFO]: [voicechat] Disabling voicechat v2.5.28
[17:17:31] [Server thread/INFO]: [Geyser-Spigot] Disabling Geyser-Spigot v2.6.1-SNAPSHOT
[17:17:31] [Server thread/INFO]: [Geyser-Spigot] Shutting down Geyser.
[17:17:31] [Server thread/INFO]: [Geyser-Spigot] Geyser shutdown successfully.
[17:17:31] [Server thread/INFO]: [ViaVersion] Disabling ViaVersion v5.2.1
[17:17:31] [Server thread/INFO]: [ViaVersion] ViaVersion has been disabled; uninjected the platform and shut down the scheduler.
[17:17:31] [Server thread/INFO]: [floodgate] Disabling floodgate v2.2.4-SNAPSHOT (b116-0e3163c)
[17:17:31] [Server thread/INFO]: Saving players
[17:17:31] [WebSocketConnectReadThread-120/INFO]: [Geyser-Spigot] The skin uploader has been closed
[17:17:31] [Server thread/INFO]: Saving worlds
[17:17:31] [Server thread/INFO]: Saving chunks for level 'ServerLevel[world]'/minecraft:overworld
[17:17:31] [Server thread/INFO]: [ChunkHolderManager] Waiting 60s for chunk system to halt for world 'world'
[17:17:31] [Server thread/INFO]: [ChunkHolderManager] Halted chunk system for world 'world'
[17:17:31] [Server thread/INFO]: [ChunkHolderManager] Saving all chunkholders for world 'world'
[17:17:33] [Server thread/INFO]: [ChunkHolderManager] Saved 757 block chunks, 700 entity chunks, 0 poi chunks in world 'world' in 1.16s
[17:17:33] [Server thread/INFO]: Saving chunks for level 'ServerLevel[world_nether]'/minecraft:the_nether
[17:17:33] [Server thread/INFO]: [ChunkHolderManager] Waiting 60s for chunk system to halt for world 'world_nether'
[17:17:33] [Server thread/INFO]: [ChunkHolderManager] Halted chunk system for world 'world_nether'
[17:17:33] [Server thread/INFO]: [ChunkHolderManager] Saving all chunkholders for world 'world_nether'
[17:17:33] [Server thread/INFO]: [ChunkHolderManager] Saved 49 block chunks, 49 entity chunks, 0 poi chunks in world 'world_nether' in 0.07s
[17:17:33] [Server thread/INFO]: Saving chunks for level 'ServerLevel[world_the_end]'/minecraft:the_end
[17:17:33] [Server thread/INFO]: [ChunkHolderManager] Waiting 60s for chunk system to halt for world 'world_the_end'
[17:17:33] [Server thread/INFO]: [ChunkHolderManager] Halted chunk system for world 'world_the_end'
[17:17:33] [Server thread/INFO]: [ChunkHolderManager] Saving all chunkholders for world 'world_the_end'
[17:17:33] [Server thread/INFO]: [ChunkHolderManager] Saved 49 block chunks, 49 entity chunks, 0 poi chunks in world 'world_the_end' in 0.03s
[17:17:33] [Server thread/INFO]: ThreadedAnvilChunkStorage (world): All chunks are saved
[17:17:33] [Server thread/INFO]: ThreadedAnvilChunkStorage (DIM-1): All chunks are saved
[17:17:33] [Server thread/INFO]: ThreadedAnvilChunkStorage (DIM1): All chunks are saved
[17:17:33] [Server thread/INFO]: ThreadedAnvilChunkStorage: All dimensions are saved
